<?xml version="1.0" encoding="UTF-8"?>
<!-- Generated by org.testng.reporters.JUnitXMLReporter -->
<testsuite ignored="0" hostname="DESKTOP-GEENAQU" failures="0" tests="6" name="Login Tests" time="43.616" errors="0" timestamp="2024-09-10T12:12:25 IST">
  <testcase classname="testng.project.AppTest" name="loginTest" time="6.029"/>
  <testcase classname="testng.project.AppTest" name="loginTest" time="5.585"/>
  <testcase classname="testng.project.AppTest" name="loginTest" time="5.554"/>
  <testcase classname="testng.project.AppTest" name="loginTest" time="5.421"/>
  <testcase classname="testng.project.AppTest" name="loginTest" time="5.56"/>
  <testcase classname="testng.project.AppTest" name="loginTest" time="5.423"/>
</testsuite> <!-- Login Tests -->
