<?xml version="1.0" encoding="UTF-8"?>
<testng-results ignored="0" total="6" passed="6" failed="0" skipped="0">
  <reporter-output>
  </reporter-output>
  <suite started-at="2024-09-10T12:11:42 IST" name="SauceDemo Login Test Suite" finished-at="2024-09-10T12:12:25 IST" duration-ms="43616">
    <groups>
    </groups>
    <test started-at="2024-09-10T12:11:42 IST" name="Login Tests" finished-at="2024-09-10T12:12:25 IST" duration-ms="43616">
      <class name="testng.project.AppTest">
        <test-method is-config="true" signature="setup()[pri:0, instance:testng.project.AppTest@5e0e82ae]" started-at="2024-09-10T12:11:42 IST" name="setup" finished-at="2024-09-10T12:11:44 IST" duration-ms="2608" status="PASS">
          <reporter-output>
          </reporter-output>
        </test-method> <!-- setup -->
        <test-method signature="loginTest(java.lang.String,java.lang.String,boolean)[pri:0, instance:testng.project.AppTest@5e0e82ae]" started-at="2024-09-10T12:11:44 IST" name="loginTest" data-provider="loginTestData" finished-at="2024-09-10T12:11:50 IST" duration-ms="6029" status="PASS">
          <params>
            <param index="0">
              <value>
                <![CDATA[standard_user]]>
              </value>
            </param>
            <param index="1">
              <value>
                <![CDATA[secret_sauce]]>
              </value>
            </param>
            <param index="2">
              <value>
                <![CDATA[true]]>
              </value>
            </param>
          </params>
          <reporter-output>
          </reporter-output>
        </test-method> <!-- loginTest -->
        <test-method is-config="true" signature="tearDown()[pri:0, instance:testng.project.AppTest@5e0e82ae]" started-at="2024-09-10T12:11:50 IST" name="tearDown" finished-at="2024-09-10T12:11:51 IST" duration-ms="253" status="PASS">
          <reporter-output>
          </reporter-output>
        </test-method> <!-- tearDown -->
        <test-method is-config="true" signature="setup()[pri:0, instance:testng.project.AppTest@5e0e82ae]" started-at="2024-09-10T12:11:51 IST" name="setup" finished-at="2024-09-10T12:11:52 IST" duration-ms="1250" status="PASS">
          <reporter-output>
          </reporter-output>
        </test-method> <!-- setup -->
        <test-method signature="loginTest(java.lang.String,java.lang.String,boolean)[pri:0, instance:testng.project.AppTest@5e0e82ae]" started-at="2024-09-10T12:11:52 IST" name="loginTest" data-provider="loginTestData" finished-at="2024-09-10T12:11:58 IST" duration-ms="5585" status="PASS">
          <params>
            <param index="0">
              <value>
                <![CDATA[invalid_user]]>
              </value>
            </param>
            <param index="1">
              <value>
                <![CDATA[secret_sauce]]>
              </value>
            </param>
            <param index="2">
              <value>
                <![CDATA[false]]>
              </value>
            </param>
          </params>
          <reporter-output>
          </reporter-output>
        </test-method> <!-- loginTest -->
        <test-method is-config="true" signature="tearDown()[pri:0, instance:testng.project.AppTest@5e0e82ae]" started-at="2024-09-10T12:11:58 IST" name="tearDown" finished-at="2024-09-10T12:11:58 IST" duration-ms="176" status="PASS">
          <reporter-output>
          </reporter-output>
        </test-method> <!-- tearDown -->
        <test-method is-config="true" signature="setup()[pri:0, instance:testng.project.AppTest@5e0e82ae]" started-at="2024-09-10T12:11:58 IST" name="setup" finished-at="2024-09-10T12:11:59 IST" duration-ms="1235" status="PASS">
          <reporter-output>
          </reporter-output>
        </test-method> <!-- setup -->
        <test-method signature="loginTest(java.lang.String,java.lang.String,boolean)[pri:0, instance:testng.project.AppTest@5e0e82ae]" started-at="2024-09-10T12:11:59 IST" name="loginTest" data-provider="loginTestData" finished-at="2024-09-10T12:12:05 IST" duration-ms="5554" status="PASS">
          <params>
            <param index="0">
              <value>
                <![CDATA[standard_user]]>
              </value>
            </param>
            <param index="1">
              <value>
                <![CDATA[wrong_password]]>
              </value>
            </param>
            <param index="2">
              <value>
                <![CDATA[false]]>
              </value>
            </param>
          </params>
          <reporter-output>
          </reporter-output>
        </test-method> <!-- loginTest -->
        <test-method is-config="true" signature="tearDown()[pri:0, instance:testng.project.AppTest@5e0e82ae]" started-at="2024-09-10T12:12:05 IST" name="tearDown" finished-at="2024-09-10T12:12:05 IST" duration-ms="191" status="PASS">
          <reporter-output>
          </reporter-output>
        </test-method> <!-- tearDown -->
        <test-method is-config="true" signature="setup()[pri:0, instance:testng.project.AppTest@5e0e82ae]" started-at="2024-09-10T12:12:05 IST" name="setup" finished-at="2024-09-10T12:12:06 IST" duration-ms="1132" status="PASS">
          <reporter-output>
          </reporter-output>
        </test-method> <!-- setup -->
        <test-method signature="loginTest(java.lang.String,java.lang.String,boolean)[pri:0, instance:testng.project.AppTest@5e0e82ae]" started-at="2024-09-10T12:12:06 IST" name="loginTest" data-provider="loginTestData" finished-at="2024-09-10T12:12:11 IST" duration-ms="5421" status="PASS">
          <params>
            <param index="0">
              <value>
                <![CDATA[]]>
              </value>
            </param>
            <param index="1">
              <value>
                <![CDATA[]]>
              </value>
            </param>
            <param index="2">
              <value>
                <![CDATA[false]]>
              </value>
            </param>
          </params>
          <reporter-output>
          </reporter-output>
        </test-method> <!-- loginTest -->
        <test-method is-config="true" signature="tearDown()[pri:0, instance:testng.project.AppTest@5e0e82ae]" started-at="2024-09-10T12:12:11 IST" name="tearDown" finished-at="2024-09-10T12:12:11 IST" duration-ms="181" status="PASS">
          <reporter-output>
          </reporter-output>
        </test-method> <!-- tearDown -->
        <test-method is-config="true" signature="setup()[pri:0, instance:testng.project.AppTest@5e0e82ae]" started-at="2024-09-10T12:12:11 IST" name="setup" finished-at="2024-09-10T12:12:13 IST" duration-ms="1407" status="PASS">
          <reporter-output>
          </reporter-output>
        </test-method> <!-- setup -->
        <test-method signature="loginTest(java.lang.String,java.lang.String,boolean)[pri:0, instance:testng.project.AppTest@5e0e82ae]" started-at="2024-09-10T12:12:13 IST" name="loginTest" data-provider="loginTestData" finished-at="2024-09-10T12:12:18 IST" duration-ms="5560" status="PASS">
          <params>
            <param index="0">
              <value>
                <![CDATA[aaaaaaaaaaaaaaaaaaaaaaaaaaaaaa]]>
              </value>
            </param>
            <param index="1">
              <value>
                <![CDATA[pppppppppppppppppppppppppppppp]]>
              </value>
            </param>
            <param index="2">
              <value>
                <![CDATA[false]]>
              </value>
            </param>
          </params>
          <reporter-output>
          </reporter-output>
        </test-method> <!-- loginTest -->
        <test-method is-config="true" signature="tearDown()[pri:0, instance:testng.project.AppTest@5e0e82ae]" started-at="2024-09-10T12:12:18 IST" name="tearDown" finished-at="2024-09-10T12:12:19 IST" duration-ms="173" status="PASS">
          <reporter-output>
          </reporter-output>
        </test-method> <!-- tearDown -->
        <test-method is-config="true" signature="setup()[pri:0, instance:testng.project.AppTest@5e0e82ae]" started-at="2024-09-10T12:12:19 IST" name="setup" finished-at="2024-09-10T12:12:20 IST" duration-ms="1160" status="PASS">
          <reporter-output>
          </reporter-output>
        </test-method> <!-- setup -->
        <test-method signature="loginTest(java.lang.String,java.lang.String,boolean)[pri:0, instance:testng.project.AppTest@5e0e82ae]" started-at="2024-09-10T12:12:20 IST" name="loginTest" data-provider="loginTestData" finished-at="2024-09-10T12:12:25 IST" duration-ms="5423" status="PASS">
          <params>
            <param index="0">
              <value>
                <![CDATA[a]]>
              </value>
            </param>
            <param index="1">
              <value>
                <![CDATA[p]]>
              </value>
            </param>
            <param index="2">
              <value>
                <![CDATA[false]]>
              </value>
            </param>
          </params>
          <reporter-output>
          </reporter-output>
        </test-method> <!-- loginTest -->
        <test-method is-config="true" signature="tearDown()[pri:0, instance:testng.project.AppTest@5e0e82ae]" started-at="2024-09-10T12:12:25 IST" name="tearDown" finished-at="2024-09-10T12:12:25 IST" duration-ms="186" status="PASS">
          <reporter-output>
          </reporter-output>
        </test-method> <!-- tearDown -->
      </class> <!-- testng.project.AppTest -->
    </test> <!-- Login Tests -->
  </suite> <!-- SauceDemo Login Test Suite -->
</testng-results>
